

Started GET "/puzzles.json" for 127.0.0.1 at 2013-12-28 14:47:59 -0800

ActiveRecord::PendingMigrationError (Migrations are pending; run 'bin/rake db:migrate RAILS_ENV=development' to resolve this issue.):
  activerecord (4.0.2) lib/active_record/migration.rb:379:in `check_pending!'
  activerecord (4.0.2) lib/active_record/migration.rb:366:in `call'
  actionpack (4.0.2) lib/action_dispatch/middleware/callbacks.rb:29:in `block in call'
  activesupport (4.0.2) lib/active_support/callbacks.rb:373:in `_run__540595740662283070__call__callbacks'
  activesupport (4.0.2) lib/active_support/callbacks.rb:80:in `run_callbacks'
  actionpack (4.0.2) lib/action_dispatch/middleware/callbacks.rb:27:in `call'
  actionpack (4.0.2) lib/action_dispatch/middleware/reloader.rb:64:in `call'
  actionpack (4.0.2) lib/action_dispatch/middleware/remote_ip.rb:76:in `call'
  actionpack (4.0.2) lib/action_dispatch/middleware/debug_exceptions.rb:17:in `call'
  actionpack (4.0.2) lib/action_dispatch/middleware/show_exceptions.rb:30:in `call'
  railties (4.0.2) lib/rails/rack/logger.rb:38:in `call_app'
  railties (4.0.2) lib/rails/rack/logger.rb:20:in `block in call'
  activesupport (4.0.2) lib/active_support/tagged_logging.rb:67:in `block in tagged'
  activesupport (4.0.2) lib/active_support/tagged_logging.rb:25:in `tagged'
  activesupport (4.0.2) lib/active_support/tagged_logging.rb:67:in `tagged'
  railties (4.0.2) lib/rails/rack/logger.rb:20:in `call'
  actionpack (4.0.2) lib/action_dispatch/middleware/request_id.rb:21:in `call'
  rack (1.5.2) lib/rack/methodoverride.rb:21:in `call'
  rack (1.5.2) lib/rack/runtime.rb:17:in `call'
  activesupport (4.0.2) lib/active_support/cache/strategy/local_cache.rb:83:in `call'
  rack (1.5.2) lib/rack/lock.rb:17:in `call'
  actionpack (4.0.2) lib/action_dispatch/middleware/static.rb:64:in `call'
  rack (1.5.2) lib/rack/sendfile.rb:112:in `call'
  railties (4.0.2) lib/rails/engine.rb:511:in `call'
  railties (4.0.2) lib/rails/application.rb:97:in `call'
  rack (1.5.2) lib/rack/lock.rb:17:in `call'
  rack (1.5.2) lib/rack/content_length.rb:14:in `call'
  rack (1.5.2) lib/rack/handler/webrick.rb:60:in `service'
  /Users/wkimeria/.rvm/rubies/ruby-1.9.3-p484/lib/ruby/1.9.1/webrick/httpserver.rb:138:in `service'
  /Users/wkimeria/.rvm/rubies/ruby-1.9.3-p484/lib/ruby/1.9.1/webrick/httpserver.rb:94:in `run'
  /Users/wkimeria/.rvm/rubies/ruby-1.9.3-p484/lib/ruby/1.9.1/webrick/server.rb:191:in `block in start_thread'


  Rendered /Users/wkimeria/.rvm/gems/ruby-1.9.3-p484/gems/actionpack-4.0.2/lib/action_dispatch/middleware/templates/rescues/_source.erb (0.6ms)
  Rendered /Users/wkimeria/.rvm/gems/ruby-1.9.3-p484/gems/actionpack-4.0.2/lib/action_dispatch/middleware/templates/rescues/_trace.erb (2.9ms)
  Rendered /Users/wkimeria/.rvm/gems/ruby-1.9.3-p484/gems/actionpack-4.0.2/lib/action_dispatch/middleware/templates/rescues/_request_and_response.erb (1.0ms)
  Rendered /Users/wkimeria/.rvm/gems/ruby-1.9.3-p484/gems/actionpack-4.0.2/lib/action_dispatch/middleware/templates/rescues/diagnostics.erb within rescues/layout (19.2ms)
  [1m[36m (1.1ms)[0m  [1mCREATE TABLE "schema_migrations" ("version" varchar(255) NOT NULL) [0m
  [1m[35m (1.5ms)[0m  CREATE UNIQUE INDEX "unique_schema_migrations" ON "schema_migrations" ("version")
  [1m[36mActiveRecord::SchemaMigration Load (0.1ms)[0m  [1mSELECT "schema_migrations".* FROM "schema_migrations"[0m
Migrating to CreatePuzzles (20131228224608)
  [1m[35m (0.1ms)[0m  begin transaction
  [1m[36m (0.3ms)[0m  [1mCREATE TABLE "puzzles" ("id" INTEGER PRIMARY KEY AUTOINCREMENT NOT NULL, "created_at" datetime, "updated_at" datetime) [0m
  [1m[35mSQL (5.0ms)[0m  INSERT INTO "schema_migrations" ("version") VALUES (?)  [["version", "20131228224608"]]
  [1m[36m (1.1ms)[0m  [1mcommit transaction[0m
Migrating to CreateScores (20131228224614)
  [1m[35m (0.0ms)[0m  begin transaction
  [1m[36m (0.3ms)[0m  [1mCREATE TABLE "scores" ("id" INTEGER PRIMARY KEY AUTOINCREMENT NOT NULL, "created_at" datetime, "updated_at" datetime) [0m
  [1m[35mSQL (0.1ms)[0m  INSERT INTO "schema_migrations" ("version") VALUES (?)  [["version", "20131228224614"]]
  [1m[36m (1.1ms)[0m  [1mcommit transaction[0m
  [1m[35mActiveRecord::SchemaMigration Load (0.1ms)[0m  SELECT "schema_migrations".* FROM "schema_migrations"


Started GET "/puzzles.json" for 127.0.0.1 at 2013-12-28 14:48:23 -0800
  [1m[36mActiveRecord::SchemaMigration Load (0.1ms)[0m  [1mSELECT "schema_migrations".* FROM "schema_migrations"[0m

ActionController::RoutingError (No route matches [GET] "/puzzles.json"):
  actionpack (4.0.2) lib/action_dispatch/middleware/debug_exceptions.rb:21:in `call'
  actionpack (4.0.2) lib/action_dispatch/middleware/show_exceptions.rb:30:in `call'
  railties (4.0.2) lib/rails/rack/logger.rb:38:in `call_app'
  railties (4.0.2) lib/rails/rack/logger.rb:20:in `block in call'
  activesupport (4.0.2) lib/active_support/tagged_logging.rb:67:in `block in tagged'
  activesupport (4.0.2) lib/active_support/tagged_logging.rb:25:in `tagged'
  activesupport (4.0.2) lib/active_support/tagged_logging.rb:67:in `tagged'
  railties (4.0.2) lib/rails/rack/logger.rb:20:in `call'
  actionpack (4.0.2) lib/action_dispatch/middleware/request_id.rb:21:in `call'
  rack (1.5.2) lib/rack/methodoverride.rb:21:in `call'
  rack (1.5.2) lib/rack/runtime.rb:17:in `call'
  activesupport (4.0.2) lib/active_support/cache/strategy/local_cache.rb:83:in `call'
  rack (1.5.2) lib/rack/lock.rb:17:in `call'
  actionpack (4.0.2) lib/action_dispatch/middleware/static.rb:64:in `call'
  rack (1.5.2) lib/rack/sendfile.rb:112:in `call'
  railties (4.0.2) lib/rails/engine.rb:511:in `call'
  railties (4.0.2) lib/rails/application.rb:97:in `call'
  rack (1.5.2) lib/rack/lock.rb:17:in `call'
  rack (1.5.2) lib/rack/content_length.rb:14:in `call'
  rack (1.5.2) lib/rack/handler/webrick.rb:60:in `service'
  /Users/wkimeria/.rvm/rubies/ruby-1.9.3-p484/lib/ruby/1.9.1/webrick/httpserver.rb:138:in `service'
  /Users/wkimeria/.rvm/rubies/ruby-1.9.3-p484/lib/ruby/1.9.1/webrick/httpserver.rb:94:in `run'
  /Users/wkimeria/.rvm/rubies/ruby-1.9.3-p484/lib/ruby/1.9.1/webrick/server.rb:191:in `block in start_thread'


  Rendered /Users/wkimeria/.rvm/gems/ruby-1.9.3-p484/gems/actionpack-4.0.2/lib/action_dispatch/middleware/templates/rescues/_trace.erb (0.8ms)
  Rendered /Users/wkimeria/.rvm/gems/ruby-1.9.3-p484/gems/actionpack-4.0.2/lib/action_dispatch/middleware/templates/routes/_table.html.erb (8.5ms)
  Rendered /Users/wkimeria/.rvm/gems/ruby-1.9.3-p484/gems/actionpack-4.0.2/lib/action_dispatch/middleware/templates/rescues/routing_error.erb within rescues/layout (21.1ms)


Started GET "/puzzles.json" for 127.0.0.1 at 2013-12-28 14:48:57 -0800
Processing by PuzzlesController#generate as JSON
Completed 200 OK in 20ms (Views: 0.2ms | ActiveRecord: 0.0ms)
